2024-12-09 16:53:05,971 - DEBUG - Using proactor: IocpProactor
2024-12-09 16:53:05,971 - DEBUG - Starting new HTTPS connection (1): api.binance.com:443
2024-12-09 16:53:06,899 - DEBUG - https://api.binance.com:443 "GET /api/v3/ping HTTP/11" 200 2
2024-12-09 16:53:06,899 - INFO - Starting data fetch...
2024-12-09 16:53:06,899 - INFO - Starting data fetching for multiple symbols...
2024-12-09 16:53:06,899 - DEBUG - Using proactor: IocpProactor
2024-12-09 16:53:06,899 - INFO - Preparing to fetch data for symbols: ['SOLUSDT', 'BTCUSDT']
2024-12-09 16:53:06,899 - DEBUG - Creating task for symbol: SOLUSDT
2024-12-09 16:53:06,899 - DEBUG - Creating task for symbol: BTCUSDT
2024-12-09 16:53:07,261 - DEBUG - https://api.binance.com:443 "GET /api/v3/exchangeInfo HTTP/11" 200 225307
2024-12-09 16:53:07,646 - DEBUG - Validation passed for symbol: SOLUSDT, interval: 1h
2024-12-09 16:53:07,646 - INFO - Fetching data for SOLUSDT from 2023-01-01 to 2023-02-06 with interval 1h
2024-12-09 16:53:07,646 - DEBUG - Fetching chunk from 1672531200000 to 1672534800000 for SOLUSDT
2024-12-09 16:53:08,196 - DEBUG - https://api.binance.com:443 "GET /api/v3/klines?endTime=1733755987646&interval=1h&limit=1&startTime=0&symbol=SOLUSDT HTTP/11" 200 158
2024-12-09 16:53:08,601 - DEBUG - https://api.binance.com:443 "GET /api/v3/klines?endTime=1672534800000&interval=1h&limit=1000&startTime=1672531200000&symbol=SOLUSDT HTTP/11" 200 152
2024-12-09 16:53:08,602 - INFO - Fetched 2 rows for SOLUSDT in current chunk.
2024-12-09 16:53:08,602 - DEBUG - Fetching chunk from 1672534800001 to 1672538400001 for SOLUSDT
2024-12-09 16:53:08,990 - DEBUG - https://api.binance.com:443 "GET /api/v3/klines?endTime=1733755988602&interval=1h&limit=1&startTime=0&symbol=SOLUSDT HTTP/11" 200 158
2024-12-09 16:53:09,340 - DEBUG - https://api.binance.com:443 "GET /api/v3/klines?endTime=1672538400001&interval=1h&limit=1000&startTime=1672534800001&symbol=SOLUSDT HTTP/11" 200 166
2024-12-09 16:53:09,340 - INFO - Fetched 1 rows for SOLUSDT in current chunk.
2024-12-09 16:53:09,340 - DEBUG - Fetching chunk from 1672538400001 to 1672542000001 for SOLUSDT
2024-12-09 16:53:09,719 - DEBUG - https://api.binance.com:443 "GET /api/v3/klines?endTime=1733755989340&interval=1h&limit=1&startTime=0&symbol=SOLUSDT HTTP/11" 200 158
2024-12-09 16:53:10,078 - DEBUG - https://api.binance.com:443 "GET /api/v3/klines?endTime=1672542000001&interval=1h&limit=1000&startTime=1672538400001&symbol=SOLUSDT HTTP/11" 200 164
2024-12-09 16:53:10,093 - INFO - Fetched 1 rows for SOLUSDT in current chunk.
2024-12-09 16:53:10,093 - DEBUG - Fetching chunk from 1672542000001 to 1672545600001 for SOLUSDT
2024-12-09 16:53:10,388 - DEBUG - https://api.binance.com:443 "GET /api/v3/klines?endTime=1733755990093&interval=1h&limit=1&startTime=0&symbol=SOLUSDT HTTP/11" 200 158
2024-12-09 16:53:10,707 - DEBUG - https://api.binance.com:443 "GET /api/v3/klines?endTime=1672545600001&interval=1h&limit=1000&startTime=1672542000001&symbol=SOLUSDT HTTP/11" 200 164
2024-12-09 16:53:10,707 - INFO - Fetched 1 rows for SOLUSDT in current chunk.
2024-12-09 16:53:10,707 - DEBUG - Fetching chunk from 1672545600001 to 1672549200001 for SOLUSDT
2024-12-09 16:53:11,664 - DEBUG - https://api.binance.com:443 "GET /api/v3/klines?endTime=1733755990707&interval=1h&limit=1&startTime=0&symbol=SOLUSDT HTTP/11" 200 158
2024-12-09 16:53:12,110 - DEBUG - https://api.binance.com:443 "GET /api/v3/klines?endTime=1672549200001&interval=1h&limit=1000&startTime=1672545600001&symbol=SOLUSDT HTTP/11" 200 164
2024-12-09 16:53:12,110 - INFO - Fetched 1 rows for SOLUSDT in current chunk.
2024-12-09 16:53:12,110 - DEBUG - Fetching chunk from 1672549200001 to 1672552800001 for SOLUSDT
2024-12-09 16:53:12,401 - DEBUG - https://api.binance.com:443 "GET /api/v3/klines?endTime=1733755992110&interval=1h&limit=1&startTime=0&symbol=SOLUSDT HTTP/11" 200 158
2024-12-09 16:53:13,214 - DEBUG - https://api.binance.com:443 "GET /api/v3/klines?endTime=1672552800001&interval=1h&limit=1000&startTime=1672549200001&symbol=SOLUSDT HTTP/11" 200 162
2024-12-09 16:53:13,218 - INFO - Fetched 1 rows for SOLUSDT in current chunk.
2024-12-09 16:53:13,218 - DEBUG - Fetching chunk from 1672552800001 to 1672556400001 for SOLUSDT
2024-12-09 16:53:13,530 - DEBUG - https://api.binance.com:443 "GET /api/v3/klines?endTime=1733755993218&interval=1h&limit=1&startTime=0&symbol=SOLUSDT HTTP/11" 200 158
2024-12-09 16:53:13,876 - DEBUG - https://api.binance.com:443 "GET /api/v3/klines?endTime=1672556400001&interval=1h&limit=1000&startTime=1672552800001&symbol=SOLUSDT HTTP/11" 200 164
2024-12-09 16:53:13,876 - INFO - Fetched 1 rows for SOLUSDT in current chunk.
2024-12-09 16:53:13,876 - DEBUG - Fetching chunk from 1672556400001 to 1672560000001 for SOLUSDT
2024-12-09 16:53:14,224 - DEBUG - https://api.binance.com:443 "GET /api/v3/klines?endTime=1733755993876&interval=1h&limit=1&startTime=0&symbol=SOLUSDT HTTP/11" 200 158
2024-12-09 16:53:14,698 - DEBUG - https://api.binance.com:443 "GET /api/v3/klines?endTime=1672560000001&interval=1h&limit=1000&startTime=1672556400001&symbol=SOLUSDT HTTP/11" 200 162
2024-12-09 16:53:14,698 - INFO - Fetched 1 rows for SOLUSDT in current chunk.
2024-12-09 16:53:14,698 - DEBUG - Fetching chunk from 1672560000001 to 1672563600001 for SOLUSDT
2024-12-09 16:53:15,048 - DEBUG - https://api.binance.com:443 "GET /api/v3/klines?endTime=1733755994698&interval=1h&limit=1&startTime=0&symbol=SOLUSDT HTTP/11" 200 158
2024-12-09 16:53:15,863 - DEBUG - https://api.binance.com:443 "GET /api/v3/klines?endTime=1672563600001&interval=1h&limit=1000&startTime=1672560000001&symbol=SOLUSDT HTTP/11" 200 162
2024-12-09 16:53:15,867 - INFO - Fetched 1 rows for SOLUSDT in current chunk.
2024-12-09 16:53:15,867 - DEBUG - Fetching chunk from 1672563600001 to 1672567200001 for SOLUSDT
2024-12-09 16:53:16,418 - DEBUG - https://api.binance.com:443 "GET /api/v3/klines?endTime=1733755995867&interval=1h&limit=1&startTime=0&symbol=SOLUSDT HTTP/11" 200 158
2024-12-09 16:53:17,206 - DEBUG - https://api.binance.com:443 "GET /api/v3/klines?endTime=1672567200001&interval=1h&limit=1000&startTime=1672563600001&symbol=SOLUSDT HTTP/11" 200 162
2024-12-09 16:53:17,206 - INFO - Fetched 1 rows for SOLUSDT in current chunk.
2024-12-09 16:53:17,206 - DEBUG - Fetching chunk from 1672567200001 to 1672570800001 for SOLUSDT
2024-12-09 16:53:17,529 - DEBUG - https://api.binance.com:443 "GET /api/v3/klines?endTime=1733755997206&interval=1h&limit=1&startTime=0&symbol=SOLUSDT HTTP/11" 200 158
2024-12-09 16:53:17,916 - DEBUG - https://api.binance.com:443 "GET /api/v3/klines?endTime=1672570800001&interval=1h&limit=1000&startTime=1672567200001&symbol=SOLUSDT HTTP/11" 200 166
2024-12-09 16:53:17,916 - INFO - Fetched 1 rows for SOLUSDT in current chunk.
2024-12-09 16:53:17,916 - DEBUG - Fetching chunk from 1672570800001 to 1672574400001 for SOLUSDT
2024-12-09 16:53:18,333 - DEBUG - https://api.binance.com:443 "GET /api/v3/klines?endTime=1733755997916&interval=1h&limit=1&startTime=0&symbol=SOLUSDT HTTP/11" 200 158
2024-12-09 16:53:18,800 - DEBUG - https://api.binance.com:443 "GET /api/v3/klines?endTime=1672574400001&interval=1h&limit=1000&startTime=1672570800001&symbol=SOLUSDT HTTP/11" 200 162
2024-12-09 16:53:18,800 - INFO - Fetched 1 rows for SOLUSDT in current chunk.
2024-12-09 16:53:18,800 - DEBUG - Fetching chunk from 1672574400001 to 1672578000001 for SOLUSDT
2024-12-09 16:53:19,207 - DEBUG - https://api.binance.com:443 "GET /api/v3/klines?endTime=1733755998800&interval=1h&limit=1&startTime=0&symbol=SOLUSDT HTTP/11" 200 158
2024-12-09 16:53:20,153 - DEBUG - https://api.binance.com:443 "GET /api/v3/klines?endTime=1672578000001&interval=1h&limit=1000&startTime=1672574400001&symbol=SOLUSDT HTTP/11" 200 164
2024-12-09 16:53:20,153 - INFO - Fetched 1 rows for SOLUSDT in current chunk.
2024-12-09 16:53:20,153 - DEBUG - Fetching chunk from 1672578000001 to 1672581600001 for SOLUSDT
2024-12-09 16:53:20,485 - DEBUG - https://api.binance.com:443 "GET /api/v3/klines?endTime=1733756000153&interval=1h&limit=1&startTime=0&symbol=SOLUSDT HTTP/11" 200 158
2024-12-09 16:53:20,843 - DEBUG - https://api.binance.com:443 "GET /api/v3/klines?endTime=1672581600001&interval=1h&limit=1000&startTime=1672578000001&symbol=SOLUSDT HTTP/11" 200 162
2024-12-09 16:53:20,843 - INFO - Fetched 1 rows for SOLUSDT in current chunk.
2024-12-09 16:53:20,843 - DEBUG - Fetching chunk from 1672581600001 to 1672585200001 for SOLUSDT
2024-12-09 16:53:21,289 - DEBUG - https://api.binance.com:443 "GET /api/v3/klines?endTime=1733756000843&interval=1h&limit=1&startTime=0&symbol=SOLUSDT HTTP/11" 200 158
2024-12-09 16:53:21,621 - DEBUG - https://api.binance.com:443 "GET /api/v3/klines?endTime=1672585200001&interval=1h&limit=1000&startTime=1672581600001&symbol=SOLUSDT HTTP/11" 200 162
2024-12-09 16:53:21,621 - INFO - Fetched 1 rows for SOLUSDT in current chunk.
2024-12-09 16:53:21,621 - DEBUG - Fetching chunk from 1672585200001 to 1672588800001 for SOLUSDT
2024-12-09 16:53:21,938 - DEBUG - https://api.binance.com:443 "GET /api/v3/klines?endTime=1733756001621&interval=1h&limit=1&startTime=0&symbol=SOLUSDT HTTP/11" 200 158
2024-12-09 16:53:22,349 - DEBUG - https://api.binance.com:443 "GET /api/v3/klines?endTime=1672588800001&interval=1h&limit=1000&startTime=1672585200001&symbol=SOLUSDT HTTP/11" 200 162
2024-12-09 16:53:22,349 - INFO - Fetched 1 rows for SOLUSDT in current chunk.
2024-12-09 16:53:22,349 - DEBUG - Fetching chunk from 1672588800001 to 1672592400001 for SOLUSDT
2024-12-09 16:53:22,935 - DEBUG - https://api.binance.com:443 "GET /api/v3/klines?endTime=1733756002349&interval=1h&limit=1&startTime=0&symbol=SOLUSDT HTTP/11" 200 158
